0 info it worked if it ends with ok
1 verbose cli [ 'C:\\Program Files\\nodejs\\node.exe',
1 verbose cli   'C:\\Users\\JohnReynolds\\AppData\\Roaming\\npm\\node_modules\\npm\\bin\\npm-cli.js',
1 verbose cli   'start' ]
2 info using npm@3.10.9
3 info using node@v8.1.2
4 verbose run-script [ 'prestart', 'start', 'poststart' ]
5 info lifecycle tutorial-server@1.0.0~prestart: tutorial-server@1.0.0
6 silly lifecycle tutorial-server@1.0.0~prestart: no script for prestart, continuing
7 info lifecycle tutorial-server@1.0.0~start: tutorial-server@1.0.0
8 verbose lifecycle tutorial-server@1.0.0~start: unsafe-perm in lifecycle true
9 verbose lifecycle tutorial-server@1.0.0~start: PATH: C:\Users\JohnReynolds\AppData\Roaming\npm\node_modules\npm\bin\node-gyp-bin;C:\Users\JohnReynolds\Projects\trules\trules_server\node_modules\.bin;C:\Users\JohnReynolds\AppData\Roaming\npm;C:\Program Files\nodejs\;C:\ProgramData\Oracle\Java\javapath;C:\Program Files (x86)\Intel\iCLS Client\;C:\Program Files\Intel\iCLS Client\;C:\Windows\system32;C:\Windows;C:\Windows\System32\Wbem;C:\Windows\System32\WindowsPowerShell\v1.0\;C:\Program Files\Intel\Intel(R) Management Engine Components\DAL;C:\Program Files\Intel\Intel(R) Management Engine Components\IPT;C:\Program Files (x86)\Intel\Intel(R) Management Engine Components\DAL;C:\Program Files (x86)\Intel\Intel(R) Management Engine Components\IPT;C:\Program Files\Acer\Remote Files\;C:\Program Files (x86)\nodejs\;C:\WINDOWS\system32;C:\WINDOWS;C:\WINDOWS\System32\Wbem;C:\WINDOWS\System32\WindowsPowerShell\v1.0\;C:\Program Files\Git\cmd;C:\Program Files\Anaconda3;C:\Program Files\Anaconda3\Scripts;C:\Program Files\Anaconda3\Library\bin;C:\Program Files (x86)\Windows Live\Shared;C:\Program Files (x86)\Skype\Phone\;C:\Program Files\nodejs\;C:\ProgramData\Oracle\Java\javapath;C:\Program Files (x86)\Intel\iCLS Client\;C:\Program Files\Intel\iCLS Client\;C:\Windows\system32;C:\Windows;C:\Windows\System32\Wbem;C:\Windows\System32\WindowsPowerShell\v1.0\;C:\Program Files\Intel\Intel(R) Management Engine Components\DAL;C:\Program Files\Intel\Intel(R) Management Engine Components\IPT;C:\Program Files (x86)\Intel\Intel(R) Management Engine Components\DAL;C:\Program Files (x86)\Intel\Intel(R) Management Engine Components\IPT;C:\Program Files\Acer\Remote Files\;C:\Program Files (x86)\nodejs\;C:\WINDOWS\system32;C:\WINDOWS;C:\WINDOWS\System32\Wbem;C:\WINDOWS\System32\WindowsPowerShell\v1.0\;C:\Program Files\Git\cmd;C:\Program Files\Anaconda3;C:\Program Files\Anaconda3\Scripts;C:\Program Files\Anaconda3\Library\bin;C:\Program Files (x86)\Windows Live\Shared;C:\Program Files (x86)\Skype\Phone\;C:\Program Files\nodejs\;C:\Users\JohnReynolds\AppData\Roaming\npm
10 verbose lifecycle tutorial-server@1.0.0~start: CWD: C:\Users\JohnReynolds\Projects\trules\trules_server
11 silly lifecycle tutorial-server@1.0.0~start: Args: [ '/d /s /c', 'nodemon ./server.js --exec babel-node -e js' ]
12 silly lifecycle tutorial-server@1.0.0~start: Returned: code: 1  signal: null
13 info lifecycle tutorial-server@1.0.0~start: Failed to exec start script
14 verbose stack Error: tutorial-server@1.0.0 start: `nodemon ./server.js --exec babel-node -e js`
14 verbose stack Exit status 1
14 verbose stack     at EventEmitter.<anonymous> (C:\Users\JohnReynolds\AppData\Roaming\npm\node_modules\npm\lib\utils\lifecycle.js:255:16)
14 verbose stack     at emitTwo (events.js:125:13)
14 verbose stack     at EventEmitter.emit (events.js:213:7)
14 verbose stack     at ChildProcess.<anonymous> (C:\Users\JohnReynolds\AppData\Roaming\npm\node_modules\npm\lib\utils\spawn.js:40:14)
14 verbose stack     at emitTwo (events.js:125:13)
14 verbose stack     at ChildProcess.emit (events.js:213:7)
14 verbose stack     at maybeClose (internal/child_process.js:897:16)
14 verbose stack     at Process.ChildProcess._handle.onexit (internal/child_process.js:208:5)
15 verbose pkgid tutorial-server@1.0.0
16 verbose cwd C:\Users\JohnReynolds\Projects\trules\trules_server
17 error Windows_NT 10.0.15063
18 error argv "C:\\Program Files\\nodejs\\node.exe" "C:\\Users\\JohnReynolds\\AppData\\Roaming\\npm\\node_modules\\npm\\bin\\npm-cli.js" "start"
19 error node v8.1.2
20 error npm  v3.10.9
21 error code ELIFECYCLE
22 error tutorial-server@1.0.0 start: `nodemon ./server.js --exec babel-node -e js`
22 error Exit status 1
23 error Failed at the tutorial-server@1.0.0 start script 'nodemon ./server.js --exec babel-node -e js'.
23 error Make sure you have the latest version of node.js and npm installed.
23 error If you do, this is most likely a problem with the tutorial-server package,
23 error not with npm itself.
23 error Tell the author that this fails on your system:
23 error     nodemon ./server.js --exec babel-node -e js
23 error You can get information on how to open an issue for this project with:
23 error     npm bugs tutorial-server
23 error Or if that isn't available, you can get their info via:
23 error     npm owner ls tutorial-server
23 error There is likely additional logging output above.
24 verbose exit [ 1, true ]
